<?xml version="1.0" encoding="UTF-8" ?>
<testsuite failures="0" time="71.061" errors="0" skipped="0" tests="11" name="test.SqlMybatisProcessEngineTest">
  <properties>
[...]
</properties>
  <testcase time="1.466" classname="test.SqlMybatisProcessEngineTest" name="testMultiInstancesLoop"/>
  <testcase time="60.944" classname="test.SqlMybatisProcessEngineTest" name="testAlarm"/>
  <testcase time="1.022" classname="test.SqlMybatisProcessEngineTest" name="testSplit"/>
  <testcase time="0.886" classname="test.SqlMybatisProcessEngineTest" name="testMove"/>
  <testcase time="0.851" classname="test.SqlMybatisProcessEngineTest" name="testCachedDefinitions"/>
  <testcase time="1.572" classname="test.SqlMybatisProcessEngineTest" name="testInsertTasksWithPersistence"/>
  <testcase time="0.953" classname="test.SqlMybatisProcessEngineTest" name="testModelDeployment"/>
  <testcase time="0.803" classname="test.SqlMybatisProcessEngineTest" name="testDelegation"/>
  <testcase time="0.892" classname="test.SqlMybatisProcessEngineTest" name="testInsertTasksAfter"/>
  <testcase time="0.783" classname="test.SqlMybatisProcessEngineTest" name="testInsertTasksBefore"/>
  <testcase time="0.884" classname="test.SqlMybatisProcessEngineTest" name="testActivityPermission"/>
</testsuite>